\BOOKMARK [-1][-]{part.1}{\376\377\000I\000\040\000R\000e\000g\000e\000l\000n}{}% 1
\BOOKMARK [0][-]{chapter.1}{\376\377\000D\000e\000f\000i\000n\000i\000t\000i\000o\000n\000e\000n}{part.1}% 2
\BOOKMARK [1][-]{section.1.1}{\376\377\000B\000e\000c\000h\000e\000r\000\040\000t\000r\000i\000n\000k\000e\000n}{chapter.1}% 3
\BOOKMARK [1][-]{section.1.2}{\376\377\000S\000t\000a\000n\000d\000a\000r\000d\000w\000u\000r\000f}{chapter.1}% 4
\BOOKMARK [1][-]{section.1.3}{\376\377\000T\000r\000i\000c\000k\000s\000h\000o\000t}{chapter.1}% 5
\BOOKMARK [1][-]{section.1.4}{\376\377\000T\000r\000e\000f\000f\000e\000r}{chapter.1}% 6
\BOOKMARK [0][-]{chapter.2}{\376\377\000S\000p\000i\000e\000l\000a\000u\000f\000b\000a\000u}{part.1}% 7
\BOOKMARK [0][-]{chapter.3}{\376\377\000S\000p\000i\000e\000l\000a\000b\000l\000a\000u\000f}{part.1}% 8
\BOOKMARK [1][-]{section.3.1}{\376\377\000S\000k\000i\000z\000z\000e\000\040\000d\000e\000s\000\040\000S\000p\000i\000e\000l\000a\000b\000l\000a\000u\000f\000s}{chapter.3}% 9
\BOOKMARK [1][-]{section.3.2}{\376\377\000G\000e\000n\000a\000u\000e\000\040\000R\000e\000g\000e\000l\000u\000n\000g\000e\000n}{chapter.3}% 10
\BOOKMARK [2][-]{subsection.3.2.1}{\376\377\000V\000o\000r\000\040\000d\000e\000m\000\040\000S\000p\000i\000e\000l}{section.3.2}% 11
\BOOKMARK [3][-]{subsubsection.3.2.1.1}{\376\377\000T\000e\000a\000m\000e\000i\000n\000t\000e\000i\000l\000u\000n\000g}{subsection.3.2.1}% 12
\BOOKMARK [3][-]{subsubsection.3.2.1.2}{\376\377\000S\000e\000i\000t\000e\000n\000e\000i\000n\000t\000e\000i\000l\000u\000n\000g}{subsection.3.2.1}% 13
\BOOKMARK [3][-]{subsubsection.3.2.1.3}{\376\377\000E\000n\000t\000s\000c\000h\000e\000i\000d\000e\000n\000,\000\040\000w\000e\000r\000\040\000a\000n\000f\000\344\000n\000g\000t}{subsection.3.2.1}% 14
\BOOKMARK [2][-]{subsection.3.2.2}{\376\377\000S\000p\000i\000e\000l}{section.3.2}% 15
\BOOKMARK [3][-]{subsubsection.3.2.2.1}{\376\377\000U\000m\000s\000t\000e\000l\000l\000p\000h\000a\000s\000e}{subsection.3.2.2}% 16
\BOOKMARK [3][-]{subsubsection.3.2.2.2}{\376\377\000R\000e\000g\000u\000l\000\344\000r\000e\000\040\000W\000u\000r\000f\000p\000h\000a\000s\000e}{subsection.3.2.2}% 17
\BOOKMARK [3][-]{subsubsection.3.2.2.3}{\376\377\000B\000a\000l\000l\000s\000B\000a\000c\000k\000p\000h\000a\000s\000e}{subsection.3.2.2}% 18
\BOOKMARK [3][-]{subsubsection.3.2.2.4}{\376\377\000O\000n\000F\000i\000r\000e\000p\000h\000a\000s\000e}{subsection.3.2.2}% 19
\BOOKMARK [3][-]{subsubsection.3.2.2.5}{\376\377\000T\000r\000i\000c\000k\000s\000h\000o\000t\000p\000h\000a\000s\000e}{subsection.3.2.2}% 20
\BOOKMARK [2][-]{subsection.3.2.3}{\376\377\000S\000p\000i\000e\000l\000e\000n\000d\000e}{section.3.2}% 21
\BOOKMARK [3][-]{subsubsection.3.2.3.1}{\376\377\000\334\000b\000r\000i\000g\000e\000\040\000B\000e\000c\000h\000e\000r\000\040\000t\000r\000i\000n\000k\000e\000n}{subsection.3.2.3}% 22
\BOOKMARK [3][-]{subsubsection.3.2.3.2}{\376\377\000N\000a\000c\000k\000t\000e\000\040\000M\000e\000i\000l\000e}{subsection.3.2.3}% 23
\BOOKMARK [3][-]{subsubsection.3.2.3.3}{\376\377\000F\000o\000t\000o}{subsection.3.2.3}% 24
\BOOKMARK [0][-]{chapter.4}{\376\377\000W\000e\000i\000t\000e\000r\000e\000\040\000R\000e\000g\000e\000l\000n}{part.1}% 25
\BOOKMARK [1][-]{section.4.1}{\376\377\000B\000o\000m\000b\000e}{chapter.4}% 26
\BOOKMARK [1][-]{section.4.2}{\376\377\000E\000l\000l\000e\000n\000b\000o\000g\000e\000n}{chapter.4}% 27
\BOOKMARK [1][-]{section.4.3}{\376\377\000R\000e\000d\000e\000m\000p\000t\000i\000o\000n}{chapter.4}% 28
\BOOKMARK [1][-]{section.4.4}{\376\377\000A\000u\000f\000s\000e\000t\000z\000e\000r}{chapter.4}% 29
\BOOKMARK [1][-]{section.4.5}{\376\377\000D\000e\000a\000t\000h\000c\000u\000p}{chapter.4}% 30
\BOOKMARK [1][-]{section.4.6}{\376\377\000I\000s\000l\000a\000n\000d}{chapter.4}% 31
\BOOKMARK [1][-]{section.4.7}{\376\377\000L\000e\000t\000z\000t\000e\000r}{chapter.4}% 32
\BOOKMARK [1][-]{section.4.8}{\376\377\000B\000i\000t\000c\000h\000c\000u\000p}{chapter.4}% 33
\BOOKMARK [1][-]{section.4.9}{\376\377\000F\000i\000n\000g\000e\000r\000n\000/\000B\000l\000a\000s\000e\000n}{chapter.4}% 34
\BOOKMARK [1][-]{section.4.10}{\376\377\0008\0000\000m\000l}{chapter.4}% 35
\BOOKMARK [1][-]{section.4.11}{\376\377\000W\000e\000l\000t\000r\000a\000u\000m\000l\000a\000s\000e\000r}{chapter.4}% 36
\BOOKMARK [1][-]{section.4.12}{\376\377\000B\000a\000l\000l\000\040\000i\000m\000\040\000F\000l\000u\000g\000\040\000b\000e\000r\000\374\000h\000r\000e\000n}{chapter.4}% 37
\BOOKMARK [1][-]{section.4.13}{\376\377\000C\000o\000m\000m\000u\000n\000i\000t\000y\000c\000u\000p}{chapter.4}% 38
\BOOKMARK [1][-]{section.4.14}{\376\377\000B\000e\000c\000h\000e\000r\000\040\000v\000o\000r\000s\000t\000e\000l\000l\000e\000n}{chapter.4}% 39
\BOOKMARK [1][-]{section.4.15}{\376\377\000B\000e\000c\000h\000e\000r\000\040\000b\000e\000r\000\374\000h\000r\000e\000n}{chapter.4}% 40
\BOOKMARK [1][-]{section.4.16}{\376\377\000A\000i\000r\000b\000a\000l\000l}{chapter.4}% 41
\BOOKMARK [1][-]{section.4.17}{\376\377\000S\000t\000a\000c\000k\000s}{chapter.4}% 42
\BOOKMARK [2][-]{subsection.4.17.1}{\376\377\000T\000r\000i\000c\000k\000s\000h\000o\000t\000\040\000S\000t\000a\000c\000k\000s}{section.4.17}% 43
\BOOKMARK [2][-]{subsection.4.17.2}{\376\377\000O\000n\000F\000i\000r\000e\000-\000S\000t\000a\000c\000k\000s}{section.4.17}% 44
\BOOKMARK [2][-]{subsection.4.17.3}{\376\377\000O\000n\000I\000c\000e\000-\000S\000t\000a\000c\000k\000s}{section.4.17}% 45
\BOOKMARK [1][-]{section.4.18}{\376\377\000N\000e\000r\000v\000e\000n\000b\000e\000r\000u\000h\000i\000g\000u\000n\000g\000s\000b\000e\000c\000h\000e\000r}{chapter.4}% 46
\BOOKMARK [1][-]{section.4.19}{\376\377\000B\000e\000h\000i\000n\000d\000e\000r\000u\000n\000g}{chapter.4}% 47
\BOOKMARK [1][-]{section.4.20}{\376\377\000B\000a\000l\000l\000\040\000a\000u\000f\000\040\000B\000e\000c\000h\000e\000r}{chapter.4}% 48
\BOOKMARK [2][-]{subsection.4.20.1}{\376\377\000l\000i\000e\000g\000e\000n\000\040\000b\000l\000e\000i\000b\000e\000n}{section.4.20}% 49
\BOOKMARK [2][-]{subsection.4.20.2}{\376\377\000s\000p\000r\000i\000n\000g\000e\000n}{section.4.20}% 50
\BOOKMARK [-1][-]{part.2}{\376\377\000I\000I\000\040\000A\000n\000h\000a\000n\000g}{}% 51
\BOOKMARK [0][-]{appendix.A}{\376\377\000A\000b\000b\000i\000l\000d\000u\000n\000g\000s\000v\000e\000r\000z\000e\000i\000c\000h\000n\000i\000s}{part.2}% 52
\BOOKMARK [0][-]{appendix.B}{\376\377\000A\000n\000t\000r\000\344\000g\000e\000\040\000a\000u\000f\000\040\000R\000e\000g\000e\000l\000\344\000n\000d\000e\000r\000u\000n\000g\000e\000n}{part.2}% 53
\BOOKMARK [0][-]{appendix.C}{\376\377\000R\000e\000g\000e\000l\000P\000D\000F}{part.2}% 54
